<?xml version="1.0" encoding="UTF-8"?>
<!-- Generated by org.testng.reporters.JUnitReportReporter -->
<testsuite skipped="0" hostname="DESKTOP-0397FS0" name="test_script.Facebook_Login" tests="1" failures="0" timestamp="2022-07-04T20:25:31 IST" time="17.622" errors="0">
  <testcase name="test1" time="17.622" classname="test_script.Facebook_Login"/>
  <system-out/>
</testsuite> <!-- test_script.Facebook_Login -->
